<?xml version="1.0" encoding="UTF-8"?>
<!-- Generated by org.testng.reporters.JUnitReportReporter -->
<testsuite hostname="akilan-18633-GF" failures="0" tests="2" name="TestAutomation.StringBasics" time="1.419" errors="0" timestamp="2024-03-12T10:16:53 IST" skipped="0">
  <testcase classname="TestAutomation.StringBasics" name="getData" time="1.354"/>
  <testcase classname="TestAutomation.StringBasics" name="getData1" time="0.065"/>
</testsuite> <!-- TestAutomation.StringBasics -->
