<?xml version="1.0" encoding="UTF-8"?>
<!-- Generated by org.testng.reporters.JUnitReportReporter -->
<testsuite hostname="akilan-18633-GF" failures="0" tests="1" name="TestAutomation.FileSeparatorSystem" time="0.010" errors="0" timestamp="2024-04-21T20:21:16 IST" skipped="0">
  <testcase classname="TestAutomation.FileSeparatorSystem" name="testString" time="0.010"/>
</testsuite> <!-- TestAutomation.FileSeparatorSystem -->
